  Sprint2.c
C:\Users\Cyprien\MesCours\BUT Année 1\Semestre 1\Projets\Projet-IAP\Sprint2\Sprint2.c(67,15): warning C4477: 'scanf' : la chaîne de format '%s' nécessite un argument de type 'char *', mais l'argument variadique 1 est de type 'char *(*)[31]'
C:\Users\Cyprien\MesCours\BUT Année 1\Semestre 1\Projets\Projet-IAP\Sprint2\Sprint2.c(70,23): warning C4047: 'fonction' : les niveaux d'indirection de 'const char *' et de 'char *[31]' sont différents
C:\Users\Cyprien\MesCours\BUT Année 1\Semestre 1\Projets\Projet-IAP\Sprint2\Sprint2.c(70,20): warning C4024: 'strcmp' : types différents pour le paramètre formel et réel 1
C:\Users\Cyprien\MesCours\BUT Année 1\Semestre 1\Projets\Projet-IAP\Sprint2\Sprint2.c(71,36): warning C4013: 'definir_nombre_tournois' non défini(e) ; extern retournant int pris par défaut
C:\Users\Cyprien\MesCours\BUT Année 1\Semestre 1\Projets\Projet-IAP\Sprint2\Sprint2.c(75,28): warning C4047: 'fonction' : les niveaux d'indirection de 'const char *' et de 'char *[31]' sont différents
C:\Users\Cyprien\MesCours\BUT Année 1\Semestre 1\Projets\Projet-IAP\Sprint2\Sprint2.c(75,25): warning C4024: 'strcmp' : types différents pour le paramètre formel et réel 1
C:\Users\Cyprien\MesCours\BUT Année 1\Semestre 1\Projets\Projet-IAP\Sprint2\Sprint2.c(76,35): warning C4013: 'enregistrement_tournoi' non défini(e) ; extern retournant int pris par défaut
C:\Users\Cyprien\MesCours\BUT Année 1\Semestre 1\Projets\Projet-IAP\Sprint2\Sprint2.c(80,28): warning C4047: 'fonction' : les niveaux d'indirection de 'const char *' et de 'char *[31]' sont différents
C:\Users\Cyprien\MesCours\BUT Année 1\Semestre 1\Projets\Projet-IAP\Sprint2\Sprint2.c(80,25): warning C4024: 'strcmp' : types différents pour le paramètre formel et réel 1
C:\Users\Cyprien\MesCours\BUT Année 1\Semestre 1\Projets\Projet-IAP\Sprint2\Sprint2.c(81,37): warning C4013: 'affichage_matchs_tournoi' non défini(e) ; extern retournant int pris par défaut
C:\Users\Cyprien\MesCours\BUT Année 1\Semestre 1\Projets\Projet-IAP\Sprint2\Sprint2.c(85,28): warning C4047: 'fonction' : les niveaux d'indirection de 'const char *' et de 'char *[31]' sont différents
C:\Users\Cyprien\MesCours\BUT Année 1\Semestre 1\Projets\Projet-IAP\Sprint2\Sprint2.c(85,25): warning C4024: 'strcmp' : types différents pour le paramètre formel et réel 1
C:\Users\Cyprien\MesCours\BUT Année 1\Semestre 1\Projets\Projet-IAP\Sprint2\Sprint2.c(86,36): warning C4013: 'afficher_matchs_joueuse' non défini(e) ; extern retournant int pris par défaut
C:\Users\Cyprien\MesCours\BUT Année 1\Semestre 1\Projets\Projet-IAP\Sprint2\Sprint2.c(90,28): warning C4047: 'fonction' : les niveaux d'indirection de 'const char *' et de 'char *[31]' sont différents
C:\Users\Cyprien\MesCours\BUT Année 1\Semestre 1\Projets\Projet-IAP\Sprint2\Sprint2.c(90,25): warning C4024: 'strcmp' : types différents pour le paramètre formel et réel 1
C:\Users\Cyprien\MesCours\BUT Année 1\Semestre 1\Projets\Projet-IAP\Sprint2\Sprint2.c(67,9): error C4996: 'scanf': This function or variable may be unsafe. Consider using scanf_s instead. To disable deprecation, use _CRT_SECURE_NO_WARNINGS. See online help for details.
C:\Users\Cyprien\MesCours\BUT Année 1\Semestre 1\Projets\Projet-IAP\Sprint2\Sprint2.c(102,6): error C2371: 'definir_nombre_tournois' : redéfinition ; types de base différents
C:\Users\Cyprien\MesCours\BUT Année 1\Semestre 1\Projets\Projet-IAP\Sprint2\Sprint2.c(103,5): error C4996: 'scanf': This function or variable may be unsafe. Consider using scanf_s instead. To disable deprecation, use _CRT_SECURE_NO_WARNINGS. See online help for details.
C:\Users\Cyprien\MesCours\BUT Année 1\Semestre 1\Projets\Projet-IAP\Sprint2\Sprint2.c(107,6): error C2371: 'enregistrement_tournoi' : redéfinition ; types de base différents
C:\Users\Cyprien\MesCours\BUT Année 1\Semestre 1\Projets\Projet-IAP\Sprint2\Sprint2.c(110,5): error C4996: 'scanf': This function or variable may be unsafe. Consider using scanf_s instead. To disable deprecation, use _CRT_SECURE_NO_WARNINGS. See online help for details.
C:\Users\Cyprien\MesCours\BUT Année 1\Semestre 1\Projets\Projet-IAP\Sprint2\Sprint2.c(111,5): error C4996: 'scanf': This function or variable may be unsafe. Consider using scanf_s instead. To disable deprecation, use _CRT_SECURE_NO_WARNINGS. See online help for details.
C:\Users\Cyprien\MesCours\BUT Année 1\Semestre 1\Projets\Projet-IAP\Sprint2\Sprint2.c(123,9): error C4996: 'scanf': This function or variable may be unsafe. Consider using scanf_s instead. To disable deprecation, use _CRT_SECURE_NO_WARNINGS. See online help for details.
C:\Users\Cyprien\MesCours\BUT Année 1\Semestre 1\Projets\Projet-IAP\Sprint2\Sprint2.c(124,9): error C4996: 'scanf': This function or variable may be unsafe. Consider using scanf_s instead. To disable deprecation, use _CRT_SECURE_NO_WARNINGS. See online help for details.
C:\Users\Cyprien\MesCours\BUT Année 1\Semestre 1\Projets\Projet-IAP\Sprint2\Sprint2.c(145,9): error C4996: 'scanf': This function or variable may be unsafe. Consider using scanf_s instead. To disable deprecation, use _CRT_SECURE_NO_WARNINGS. See online help for details.
C:\Users\Cyprien\MesCours\BUT Année 1\Semestre 1\Projets\Projet-IAP\Sprint2\Sprint2.c(146,9): error C4996: 'scanf': This function or variable may be unsafe. Consider using scanf_s instead. To disable deprecation, use _CRT_SECURE_NO_WARNINGS. See online help for details.
C:\Users\Cyprien\MesCours\BUT Année 1\Semestre 1\Projets\Projet-IAP\Sprint2\Sprint2.c(212,6): error C2371: 'affichage_matchs_tournoi' : redéfinition ; types de base différents
C:\Users\Cyprien\MesCours\BUT Année 1\Semestre 1\Projets\Projet-IAP\Sprint2\Sprint2.c(217,5): error C4996: 'scanf': This function or variable may be unsafe. Consider using scanf_s instead. To disable deprecation, use _CRT_SECURE_NO_WARNINGS. See online help for details.
C:\Users\Cyprien\MesCours\BUT Année 1\Semestre 1\Projets\Projet-IAP\Sprint2\Sprint2.c(218,5): error C4996: 'scanf': This function or variable may be unsafe. Consider using scanf_s instead. To disable deprecation, use _CRT_SECURE_NO_WARNINGS. See online help for details.
C:\Users\Cyprien\MesCours\BUT Année 1\Semestre 1\Projets\Projet-IAP\Sprint2\Sprint2.c(258,6): error C2371: 'afficher_matchs_joueuse' : redéfinition ; types de base différents
C:\Users\Cyprien\MesCours\BUT Année 1\Semestre 1\Projets\Projet-IAP\Sprint2\Sprint2.c(264,5): error C4996: 'scanf': This function or variable may be unsafe. Consider using scanf_s instead. To disable deprecation, use _CRT_SECURE_NO_WARNINGS. See online help for details.
C:\Users\Cyprien\MesCours\BUT Année 1\Semestre 1\Projets\Projet-IAP\Sprint2\Sprint2.c(265,5): error C4996: 'scanf': This function or variable may be unsafe. Consider using scanf_s instead. To disable deprecation, use _CRT_SECURE_NO_WARNINGS. See online help for details.
C:\Users\Cyprien\MesCours\BUT Année 1\Semestre 1\Projets\Projet-IAP\Sprint2\Sprint2.c(266,5): error C4996: 'scanf': This function or variable may be unsafe. Consider using scanf_s instead. To disable deprecation, use _CRT_SECURE_NO_WARNINGS. See online help for details.
